<?xml version="1.0" encoding="UTF-8"?>
<!-- Generated by org.testng.reporters.JUnitReportReporter -->
<testsuite hostname="fv-az41-355" failures="0" tests="1" name="com.login.LoginFunctionality" time="12.625" errors="0" timestamp="2021-10-20T05:37:52 UTC" skipped="0">
  <testcase classname="com.login.LoginFunctionality" name="login" time="12.625"/>
  <system-out/>
</testsuite> <!-- com.login.LoginFunctionality -->
