<?xml version="1.0" encoding="UTF-8"?>
<!-- Generated by org.testng.reporters.JUnitReportReporter -->
<testsuite hostname="fv-az39-319" failures="0" tests="3" name="com.login.LoginFunctionality" time="4.210" errors="0" timestamp="2021-10-20T12:11:31 UTC" skipped="0">
  <testcase classname="com.login.LoginFunctionality" name="logout" time="0.001"/>
  <system-out/>
  <testcase classname="com.login.LoginFunctionality" name="login" time="4.133"/>
  <system-out/>
  <testcase classname="com.login.LoginFunctionality" name="logReport" time="0.076"/>
  <system-out/>
</testsuite> <!-- com.login.LoginFunctionality -->
