<?xml version="1.0" encoding="UTF-8"?>
<!-- Generated by org.testng.reporters.JUnitReportReporter -->
<testsuite hostname="fv-az74-341" failures="0" tests="3" name="com.login.LoginFunctionality" time="20.622" errors="0" timestamp="2021-10-20T12:14:40 UTC" skipped="0">
  <testcase classname="com.login.LoginFunctionality" name="login" time="20.580"/>
  <system-out/>
  <testcase classname="com.login.LoginFunctionality" name="logReport" time="0.042"/>
  <system-out/>
  <testcase classname="com.login.LoginFunctionality" name="logout" time="0.000"/>
  <system-out/>
</testsuite> <!-- com.login.LoginFunctionality -->
